#-----------------------------------------------------------
# Vivado v2019.1 (64-bit)
# SW Build 2552052 on Fri May 24 14:49:42 MDT 2019
# IP Build 2548770 on Fri May 24 18:01:18 MDT 2019
# Start of session at: Tue Jan 24 16:03:39 2023
# Process ID: 7804
# Current directory: C:/Users/yas_s/OneDrive/Desktop/project_1
# Command line: vivado.exe -gui_launcher_event rodinguilauncherevent10936 C:\Users\yas_s\OneDrive\Desktop\project_1\project_1.xpr
# Log file: C:/Users/yas_s/OneDrive/Desktop/project_1/vivado.log
# Journal file: C:/Users/yas_s/OneDrive/Desktop/project_1\vivado.jou
#-----------------------------------------------------------
start_gui
open_project C:/Users/yas_s/OneDrive/Desktop/project_1/project_1.xpr
Scanning sources...
Finished scanning sources
INFO: [IP_Flow 19-234] Refreshing IP repositories
INFO: [IP_Flow 19-1704] No user IP repositories specified
INFO: [IP_Flow 19-2313] Loaded Vivado IP repository 'C:/Xilinx/Vivado/2019.1/data/ip'.
open_project: Time (s): cpu = 00:00:15 ; elapsed = 00:00:08 . Memory (MB): peak = 820.832 ; gain = 176.988
update_compile_order -fileset sources_1
exit
INFO: [Common 17-206] Exiting Vivado at Tue Jan 24 16:05:13 2023...
